#
# A fatal error has been detected by the Java Runtime Environment:
#
#  EXCEPTION_ACCESS_VIOLATION (0xc0000005) at pc=0x5d996150, pid=4532, tid=5908
#
# JRE version: Java(TM) SE Runtime Environment (7.0_67-b01) (build 1.7.0_67-b01)
# Java VM: Java HotSpot(TM) Client VM (24.65-b04 mixed mode windows-x86 )
# Problematic frame:
# V  [jvm.dll+0x36150]
#
# Failed to write core dump. Minidumps are not enabled by default on client versions of Windows
#
# If you would like to submit a bug report, please visit:
#   http://bugreport.sun.com/bugreport/crash.jsp
#

---------------  T H R E A D  ---------------

Current thread (0x17c5ac00):  JavaThread "JDWP Transport Listener: dt_socket" daemon [_thread_in_vm, id=5908, stack(0x17f00000,0x17f50000)]

siginfo: ExceptionCode=0xc0000005, reading address 0x00000008

Registers:
EAX=0x03f23a00, EBX=0x17c5ac00, ECX=0x00000000, EDX=0x00000000
ESP=0x17f4fae4, EBP=0x17f4fae8, ESI=0x00000000, EDI=0x70d5e15c
EIP=0x5d996150, EFLAGS=0x00010246

Top of Stack: (sp=0x17f4fae4)
0x17f4fae4:   17c5ad30 17f4fb10 5da22056 03f23a00
0x17f4faf4:   70d5e15c 17c5ad30 70d5e174 17c5ac00
0x17f4fb04:   00000000 17c5ad30 17f4fbd4 70d5e99c
0x17f4fb14:   70d463b2 17c5ad30 03f23a00 00000000
0x17f4fb24:   17f4fb48 17f4fbd4 18fad7c0 17f4fb84
0x17f4fb34:   18f33bd8 17f4fb54 70d4bd27 17f4fb54
0x17f4fb44:   17f4fb88 70d5e890 73bc5004 70d62c68
0x17f4fb54:   18d392a8 0000000b 00000000 00000013 

Instructions: (pc=0x5d996150)
0x5d996130:   8b 0d 74 8c c9 5d 85 c9 7e 05 8b 0c 01 eb 02 33
0x5d996140:   c9 8b 15 78 8c c9 5d 85 d2 7e 05 8b 04 02 eb 03
0x5d996150:   8b 46 08 85 c0 75 0f 33 c9 50 51 e8 10 87 15 00
0x5d996160:   83 c4 08 5e 5d c3 8d 4c 4e 0c 50 51 e8 ff 86 15 


Register to memory mapping:

EAX=0x03f23a00 is pointing into object: 0x03d15e50

[error occurred during error reporting (printing register info), id 0xc0000005]

Stack: [0x17f00000,0x17f50000],  sp=0x17f4fae4,  free space=318k
Native frames: (J=compiled Java code, j=interpreted, Vv=VM code, C=native code)
V  [jvm.dll+0x36150]
V  [jvm.dll+0xc2056]


---------------  P R O C E S S  ---------------

Java Threads: ( => current thread )
  0x18ff3800 JavaThread "AWT-Windows" daemon [_thread_in_native, id=5780, stack(0x19b00000,0x19b50000)]
  0x18e9ac00 JavaThread "Java2D Disposer" daemon [_thread_blocked, id=4284, stack(0x199c0000,0x19a10000)]
  0x18e9a800 JavaThread "qtp15562495-29" [_thread_blocked, id=6040, stack(0x19950000,0x199a0000)]
  0x18e9a000 JavaThread "qtp15562495-28" [_thread_blocked, id=4176, stack(0x19870000,0x198c0000)]
  0x18e99800 JavaThread "qtp15562495-27" [_thread_blocked, id=3544, stack(0x18220000,0x18270000)]
  0x18e99400 JavaThread "qtp15562495-26" [_thread_blocked, id=4972, stack(0x19750000,0x197a0000)]
  0x18e98c00 JavaThread "qtp15562495-25" [_thread_blocked, id=5168, stack(0x19630000,0x19680000)]
  0x18e98800 JavaThread "qtp15562495-24" [_thread_blocked, id=1004, stack(0x194f0000,0x19540000)]
  0x18e98000 JavaThread "qtp15562495-23 Acceptor0 SelectChannelConnector@0.0.0.0:80" [_thread_in_native, id=5184, stack(0x19470000,0x194c0000)]
  0x18e97c00 JavaThread "qtp15562495-22 Selector0" [_thread_in_native, id=3224, stack(0x19680000,0x196d0000)]
  0x18cddc00 JavaThread "Druid-ConnectionPool-Destroy-24839794" daemon [_thread_blocked, id=5344, stack(0x195a0000,0x195f0000)]
  0x18cdd400 JavaThread "Druid-ConnectionPool-Create-24839794" daemon [_thread_blocked, id=4636, stack(0x18060000,0x180b0000)]
  0x189bb000 JavaThread "%002fclothes%002flist.data" [_thread_blocked, id=3776, stack(0x18450000,0x184a0000)]
  0x189bac00 JavaThread "shiro-active%0053ession%0043ache.data" [_thread_blocked, id=5420, stack(0x18590000,0x185e0000)]
  0x18835400 JavaThread "jdbc%0052ealm%002eauthorization%0043ache.data" [_thread_blocked, id=4792, stack(0x17fa0000,0x17ff0000)]
  0x18bfcc00 JavaThread "%002fclothes.data" [_thread_blocked, id=4312, stack(0x18ab0000,0x18b00000)]
  0x18a9f800 JavaThread "shiro" daemon [_thread_blocked, id=5120, stack(0x19410000,0x19460000)]
  0x188f7000 JavaThread "HashSessionScavenger-0" daemon [_thread_blocked, id=2712, stack(0x18b20000,0x18b70000)]
  0x18829800 JavaThread "JFinal-Scanner" daemon [_thread_blocked, id=1052, stack(0x18ba0000,0x18bf0000)]
  0x17c85800 JavaThread "Service Thread" daemon [_thread_blocked, id=4348, stack(0x18650000,0x186a0000)]
  0x17c6dc00 JavaThread "C1 CompilerThread0" daemon [_thread_blocked, id=5416, stack(0x18130000,0x18180000)]
  0x17c5f800 JavaThread "JDWP Command Reader" daemon [_thread_in_native, id=5300, stack(0x184a0000,0x184f0000)]
  0x17c5e000 JavaThread "JDWP Event Helper Thread" daemon [_thread_blocked, id=4676, stack(0x183e0000,0x18430000)]
=>0x17c5ac00 JavaThread "JDWP Transport Listener: dt_socket" daemon [_thread_in_vm, id=5908, stack(0x17f00000,0x17f50000)]
  0x17c4d400 JavaThread "Attach Listener" daemon [_thread_blocked, id=1760, stack(0x180b0000,0x18100000)]
  0x17c4a800 JavaThread "Signal Dispatcher" daemon [_thread_blocked, id=5840, stack(0x17f50000,0x17fa0000)]
  0x17c0dc00 JavaThread "Finalizer" daemon [_thread_blocked, id=908, stack(0x17e30000,0x17e80000)]
  0x17c08800 JavaThread "Reference Handler" daemon [_thread_blocked, id=624, stack(0x17e90000,0x17ee0000)]
  0x0025ec00 JavaThread "main" [_thread_blocked, id=3860, stack(0x01b00000,0x01b50000)]

Other Threads:
  0x17c04c00 VMThread [stack: 0x01a90000,0x01ae0000] [id=3812]
  0x17c99400 WatcherThread [stack: 0x185e0000,0x18630000] [id=1340]

VM state:not at safepoint (normal execution)

VM Mutex/Monitor currently owned by a thread: None

Heap
 def new generation   total 5952K, used 5527K [0x03c00000, 0x04270000, 0x09150000)
  eden space 5312K,  92% used [0x03c00000, 0x040c5d90, 0x04130000)
  from space 640K, 100% used [0x04130000, 0x041d0000, 0x041d0000)
  to   space 640K,   0% used [0x041d0000, 0x041d0000, 0x04270000)
 tenured generation   total 13052K, used 8203K [0x09150000, 0x09e0f000, 0x13c00000)
   the space 13052K,  62% used [0x09150000, 0x09952e18, 0x09953000, 0x09e0f000)
 compacting perm gen  total 19456K, used 19304K [0x13c00000, 0x14f00000, 0x17c00000)
   the space 19456K,  99% used [0x13c00000, 0x14eda030, 0x14eda200, 0x14f00000)
No shared spaces configured.

Card table byte_map: [0x03b50000,0x03c00000] byte_map_base: 0x03b32000

Polling page: 0x00170000

Code Cache  [0x01b50000, 0x01d70000, 0x03b50000)
 total_blobs=1114 nmethods=860 adapters=199 free_code_cache=30624Kb largest_free_block=31358208

Compilation events (10 events):
Event: 177.468 Thread 0x17c6dc00  875             com.jfinal.server.TimeSize::equals (44 bytes)
Event: 177.468 Thread 0x17c6dc00 nmethod 875 0x01d66808 code [0x01d66900, 0x01d66a30]
Event: 198.992 Thread 0x17c6dc00  878   !         sun.nio.ch.SelectorImpl::processDeregisterQueue (111 bytes)
Event: 198.994 Thread 0x17c6dc00 nmethod 878 0x01d67048 code [0x01d671f0, 0x01d6763c]
Event: 207.383 Thread 0x17c6dc00  879             org.eclipse.jetty.util.thread.Timeout::setNow (6 bytes)
Event: 207.383 Thread 0x17c6dc00 nmethod 879 0x01d67b88 code [0x01d67c80, 0x01d67d20]
Event: 229.764 Thread 0x17c6dc00  880             java.util.HashSet::isEmpty (8 bytes)
Event: 229.765 Thread 0x17c6dc00 nmethod 880 0x01d67d88 code [0x01d67e90, 0x01d67f2c]
Event: 248.919 Thread 0x17c6dc00  881             sun.nio.ch.SelectorImpl::selectedKeys (28 bytes)
Event: 248.920 Thread 0x17c6dc00 nmethod 881 0x01d67f88 code [0x01d680a0, 0x01d681d8]

GC Heap History (10 events):
Event: 9.638 GC heap before
{Heap before GC invocations=16 (full 0):
 def new generation   total 4928K, used 4919K [0x03c00000, 0x04150000, 0x09150000)
  eden space 4416K,  99% used [0x03c00000, 0x0404dec0, 0x04050000)
  from space 512K, 100% used [0x04050000, 0x040d0000, 0x040d0000)
  to   space 512K,   0% used [0x040d0000, 0x040d0000, 0x04150000)
 tenured generation   total 10944K, used 9738K [0x09150000, 0x09c00000, 0x13c00000)
   the space 10944K,  88% used [0x09150000, 0x09ad2a50, 0x09ad2c00, 0x09c00000)
 compacting perm gen  total 14848K, used 14650K [0x13c00000, 0x14a80000, 0x17c00000)
   the space 14848K,  98% used [0x13c00000, 0x14a4ebd0, 0x14a4ec00, 0x14a80000)
No shared spaces configured.
Event: 9.647 GC heap after
Heap after GC invocations=17 (full 0):
 def new generation   total 4928K, used 512K [0x03c00000, 0x04150000, 0x09150000)
  eden space 4416K,   0% used [0x03c00000, 0x03c00000, 0x04050000)
  from space 512K, 100% used [0x040d0000, 0x04150000, 0x04150000)
  to   space 512K,   0% used [0x04050000, 0x04050000, 0x040d0000)
 tenured generation   total 10944K, used 9860K [0x09150000, 0x09c00000, 0x13c00000)
   the space 10944K,  90% used [0x09150000, 0x09af13a8, 0x09af1400, 0x09c00000)
 compacting perm gen  total 14848K, used 14650K [0x13c00000, 0x14a80000, 0x17c00000)
   the space 14848K,  98% used [0x13c00000, 0x14a4ebd0, 0x14a4ec00, 0x14a80000)
No shared spaces configured.
}
Event: 9.894 GC heap before
{Heap before GC invocations=17 (full 0):
 def new generation   total 4928K, used 4928K [0x03c00000, 0x04150000, 0x09150000)
  eden space 4416K, 100% used [0x03c00000, 0x04050000, 0x04050000)
  from space 512K, 100% used [0x040d0000, 0x04150000, 0x04150000)
  to   space 512K,   0% used [0x04050000, 0x04050000, 0x040d0000)
 tenured generation   total 10944K, used 9860K [0x09150000, 0x09c00000, 0x13c00000)
   the space 10944K,  90% used [0x09150000, 0x09af13a8, 0x09af1400, 0x09c00000)
 compacting perm gen  total 15104K, used 15085K [0x13c00000, 0x14ac0000, 0x17c00000)
   the space 15104K,  99% used [0x13c00000, 0x14abb4d8, 0x14abb600, 0x14ac0000)
No shared spaces configured.
Event: 9.902 GC heap after
Heap after GC invocations=18 (full 0):
 def new generation   total 4928K, used 512K [0x03c00000, 0x04150000, 0x09150000)
  eden space 4416K,   0% used [0x03c00000, 0x03c00000, 0x04050000)
  from space 512K, 100% used [0x04050000, 0x040d0000, 0x040d0000)
  to   space 512K,   0% used [0x040d0000, 0x040d0000, 0x04150000)
 tenured generation   total 10944K, used 10351K [0x09150000, 0x09c00000, 0x13c00000)
   the space 10944K,  94% used [0x09150000, 0x09b6be30, 0x09b6c000, 0x09c00000)
 compacting perm gen  total 15104K, used 15085K [0x13c00000, 0x14ac0000, 0x17c00000)
   the space 15104K,  99% used [0x13c00000, 0x14abb4d8, 0x14abb600, 0x14ac0000)
No shared spaces configured.
}
Event: 11.815 GC heap before
{Heap before GC invocations=18 (full 0):
 def new generation   total 4928K, used 4928K [0x03c00000, 0x04150000, 0x09150000)
  eden space 4416K, 100% used [0x03c00000, 0x04050000, 0x04050000)
  from space 512K, 100% used [0x04050000, 0x040d0000, 0x040d0000)
  to   space 512K,   0% used [0x040d0000, 0x040d0000, 0x04150000)
 tenured generation   total 10944K, used 10351K [0x09150000, 0x09c00000, 0x13c00000)
   the space 10944K,  94% used [0x09150000, 0x09b6be30, 0x09b6c000, 0x09c00000)
 compacting perm gen  total 15872K, used 15802K [0x13c00000, 0x14b80000, 0x17c00000)
   the space 15872K,  99% used [0x13c00000, 0x14b6eaf8, 0x14b6ec00, 0x14b80000)
No shared spaces configured.
Event: 11.962 GC heap after
Heap after GC invocations=19 (full 1):
 def new generation   total 5952K, used 0K [0x03c00000, 0x04270000, 0x09150000)
  eden space 5312K,   0% used [0x03c00000, 0x03c00000, 0x04130000)
  from space 640K,   0% used [0x04130000, 0x04130000, 0x041d0000)
  to   space 640K,   0% used [0x041d0000, 0x041d0000, 0x04270000)
 tenured generation   total 13052K, used 7829K [0x09150000, 0x09e0f000, 0x13c00000)
   the space 13052K,  59% used [0x09150000, 0x098f57e8, 0x098f5800, 0x09e0f000)
 compacting perm gen  total 15872K, used 15802K [0x13c00000, 0x14b80000, 0x17c00000)
   the space 15872K,  99% used [0x13c00000, 0x14b6eaf8, 0x14b6ec00, 0x14b80000)
No shared spaces configured.
}
Event: 14.704 GC heap before
{Heap before GC invocations=19 (full 1):
 def new generation   total 5952K, used 5312K [0x03c00000, 0x04270000, 0x09150000)
  eden space 5312K, 100% used [0x03c00000, 0x04130000, 0x04130000)
  from space 640K,   0% used [0x04130000, 0x04130000, 0x041d0000)
  to   space 640K,   0% used [0x041d0000, 0x041d0000, 0x04270000)
 tenured generation   total 13052K, used 7829K [0x09150000, 0x09e0f000, 0x13c00000)
   the space 13052K,  59% used [0x09150000, 0x098f57e8, 0x098f5800, 0x09e0f000)
 compacting perm gen  total 16640K, used 16453K [0x13c00000, 0x14c40000, 0x17c00000)
   the space 16640K,  98% used [0x13c00000, 0x14c11520, 0x14c11600, 0x14c40000)
No shared spaces configured.
Event: 14.712 GC heap after
Heap after GC invocations=20 (full 1):
 def new generation   total 5952K, used 640K [0x03c00000, 0x04270000, 0x09150000)
  eden space 5312K,   0% used [0x03c00000, 0x03c00000, 0x04130000)
  from space 640K, 100% used [0x041d0000, 0x04270000, 0x04270000)
  to   space 640K,   0% used [0x04130000, 0x04130000, 0x041d0000)
 tenured generation   total 13052K, used 7956K [0x09150000, 0x09e0f000, 0x13c00000)
   the space 13052K,  60% used [0x09150000, 0x09915330, 0x09915400, 0x09e0f000)
 compacting perm gen  total 16640K, used 16453K [0x13c00000, 0x14c40000, 0x17c00000)
   the space 16640K,  98% used [0x13c00000, 0x14c11520, 0x14c11600, 0x14c40000)
No shared spaces configured.
}
Event: 15.217 GC heap before
{Heap before GC invocations=20 (full 1):
 def new generation   total 5952K, used 5952K [0x03c00000, 0x04270000, 0x09150000)
  eden space 5312K, 100% used [0x03c00000, 0x04130000, 0x04130000)
  from space 640K, 100% used [0x041d0000, 0x04270000, 0x04270000)
  to   space 640K,   0% used [0x04130000, 0x04130000, 0x041d0000)
 tenured generation   total 13052K, used 7956K [0x09150000, 0x09e0f000, 0x13c00000)
   the space 13052K,  60% used [0x09150000, 0x09915330, 0x09915400, 0x09e0f000)
 compacting perm gen  total 17152K, used 17078K [0x13c00000, 0x14cc0000, 0x17c00000)
   the space 17152K,  99% used [0x13c00000, 0x14cad8c0, 0x14cada00, 0x14cc0000)
No shared spaces configured.
Event: 15.224 GC heap after
Heap after GC invocations=21 (full 1):
 def new generation   total 5952K, used 640K [0x03c00000, 0x04270000, 0x09150000)
  eden space 5312K,   0% used [0x03c00000, 0x03c00000, 0x04130000)
  from space 640K, 100% used [0x04130000, 0x041d0000, 0x041d0000)
  to   space 640K,   0% used [0x041d0000, 0x041d0000, 0x04270000)
 tenured generation   total 13052K, used 8203K [0x09150000, 0x09e0f000, 0x13c00000)
   the space 13052K,  62% used [0x09150000, 0x09952e18, 0x09953000, 0x09e0f000)
 compacting perm gen  total 17152K, used 17078K [0x13c00000, 0x14cc0000, 0x17c00000)
   the space 17152K,  99% used [0x13c00000, 0x14cad8c0, 0x14cada00, 0x14cc0000)
No shared spaces configured.
}

Deoptimization events (0 events):
No events

Internal exceptions (10 events):
Event: 15.344 Thread 0x18e99800 Threw 0x03c98280 at C:\re\jdk7u67\1368\hotspot\src\share\vm\prims\jvm.cpp:1244
Event: 15.345 Thread 0x18e99800 Threw 0x03c9d988 at C:\re\jdk7u67\1368\hotspot\src\share\vm\prims\jvm.cpp:1244
Event: 15.376 Thread 0x18e99800 Threw 0x03cbc9e8 at C:\re\jdk7u67\1368\hotspot\src\share\vm\prims\jni.cpp:717
Event: 15.445 Thread 0x18e99800 Threw 0x03cdfbf8 at C:\re\jdk7u67\1368\hotspot\src\share\vm\prims\jvm.cpp:1244
Event: 15.460 Thread 0x18e99800 Threw 0x03ceb9c8 at C:\re\jdk7u67\1368\hotspot\src\share\vm\prims\jni.cpp:717
Event: 15.460 Thread 0x18e99800 Threw 0x03cebef0 at C:\re\jdk7u67\1368\hotspot\src\share\vm\interpreter\linkResolver.cpp:883
Event: 15.619 Thread 0x18e99800 Threw 0x03d25f78 at C:\re\jdk7u67\1368\hotspot\src\share\vm\prims\jvm.cpp:1244
Event: 15.682 Thread 0x18e99800 Threw 0x03d809e0 at C:\re\jdk7u67\1368\hotspot\src\share\vm\prims\jvm.cpp:1244
Event: 15.683 Thread 0x18e99800 Threw 0x03d90cd8 at C:\re\jdk7u67\1368\hotspot\src\share\vm\prims\jvm.cpp:1244
Event: 109.088 Thread 0x18e99800 Threw 0x03e90890 at C:\re\jdk7u67\1368\hotspot\src\share\vm\prims\jvm.cpp:1244

Events (10 events):
Event: 277.951 Executing VM operation: ChangeSingleStep
Event: 277.951 Executing VM operation: ChangeSingleStep done
Event: 277.954 Executing VM operation: ChangeSingleStep
Event: 277.954 Executing VM operation: ChangeSingleStep done
Event: 277.995 Executing VM operation: GetOrSetLocal
Event: 277.995 Executing VM operation: GetOrSetLocal done
Event: 278.003 Executing VM operation: GetOrSetLocal
Event: 278.003 Executing VM operation: GetOrSetLocal done
Event: 278.719 Executing VM operation: GetOrSetLocal
Event: 278.719 Executing VM operation: GetOrSetLocal done


Dynamic libraries:
0x00e60000 - 0x00e8f000 	C:\Program Files\Java\jdk1.7.0_67\bin\javaw.exe
0x770e0000 - 0x7721c000 	C:\Windows\SYSTEM32\ntdll.dll
0x76d80000 - 0x76e54000 	C:\Windows\system32\kernel32.dll
0x752e0000 - 0x7532a000 	C:\Windows\system32\KERNELBASE.dll
0x766a0000 - 0x76740000 	C:\Windows\system32\ADVAPI32.dll
0x76e90000 - 0x76f3c000 	C:\Windows\system32\msvcrt.dll
0x76e70000 - 0x76e89000 	C:\Windows\SYSTEM32\sechost.dll
0x768e0000 - 0x76981000 	C:\Windows\system32\RPCRT4.dll
0x76470000 - 0x76539000 	C:\Windows\system32\USER32.dll
0x77230000 - 0x7727e000 	C:\Windows\system32\GDI32.dll
0x76aa0000 - 0x76aaa000 	C:\Windows\system32\LPK.dll
0x76840000 - 0x768dd000 	C:\Windows\system32\USP10.dll
0x741c0000 - 0x7435e000 	C:\Windows\WinSxS\x86_microsoft.windows.common-controls_6595b64144ccf1df_6.0.7600.16385_none_421189da2b7fabfc\COMCTL32.dll
0x76210000 - 0x76267000 	C:\Windows\system32\SHLWAPI.dll
0x76a00000 - 0x76a1f000 	C:\Windows\system32\IMM32.DLL
0x76740000 - 0x7680c000 	C:\Windows\system32\MSCTF.dll
0x69190000 - 0x6924f000 	C:\Program Files\Java\jdk1.7.0_67\jre\bin\msvcr100.dll
0x5d960000 - 0x5dce8000 	C:\Program Files\Java\jdk1.7.0_67\jre\bin\client\jvm.dll
0x65a20000 - 0x65a27000 	C:\Windows\system32\WSOCK32.dll
0x76bb0000 - 0x76be5000 	C:\Windows\system32\WS2_32.dll
0x76990000 - 0x76996000 	C:\Windows\system32\NSI.dll
0x70a40000 - 0x70a72000 	C:\Windows\system32\WINMM.dll
0x76e60000 - 0x76e65000 	C:\Windows\system32\PSAPI.DLL
0x73520000 - 0x7352c000 	C:\Program Files\Java\jdk1.7.0_67\jre\bin\verify.dll
0x71870000 - 0x71890000 	C:\Program Files\Java\jdk1.7.0_67\jre\bin\java.dll
0x70d40000 - 0x70d6a000 	C:\Program Files\Java\jdk1.7.0_67\jre\bin\jdwp.dll
0x74170000 - 0x74177000 	C:\Program Files\Java\jdk1.7.0_67\jre\bin\npt.dll
0x73490000 - 0x734a3000 	C:\Program Files\Java\jdk1.7.0_67\jre\bin\zip.dll
0x73bc0000 - 0x73bc8000 	C:\Program Files\Java\jdk1.7.0_67\jre\bin\dt_socket.dll
0x741b0000 - 0x741c0000 	C:\Windows\system32\NLAapi.dll
0x74c70000 - 0x74cac000 	C:\Windows\System32\mswsock.dll
0x74b30000 - 0x74b74000 	C:\Windows\system32\DNSAPI.dll
0x70850000 - 0x70858000 	C:\Windows\System32\winrnr.dll
0x70840000 - 0x70850000 	C:\Windows\system32\napinsp.dll
0x70820000 - 0x70832000 	C:\Windows\system32\pnrpnsp.dll
0x73410000 - 0x7342c000 	C:\Windows\system32\IPHLPAPI.DLL
0x73400000 - 0x73407000 	C:\Windows\system32\WINNSI.DLL
0x732c0000 - 0x732f8000 	C:\Windows\System32\fwpuclnt.dll
0x71160000 - 0x71166000 	C:\Windows\system32\rasadhlp.dll
0x747c0000 - 0x747c5000 	C:\Windows\System32\wshtcpip.dll
0x71830000 - 0x71844000 	C:\Program Files\Java\jdk1.7.0_67\jre\bin\net.dll
0x74c60000 - 0x74c66000 	C:\Windows\System32\wship6.dll
0x73bd0000 - 0x73bdf000 	C:\Program Files\Java\jdk1.7.0_67\jre\bin\nio.dll
0x74cb0000 - 0x74cc6000 	C:\Windows\system32\CRYPTSP.dll
0x74a50000 - 0x74a8b000 	C:\Windows\system32\rsaenh.dll
0x74890000 - 0x748a7000 	C:\Windows\system32\USERENV.dll
0x75230000 - 0x7523b000 	C:\Windows\system32\profapi.dll
0x751b0000 - 0x751bc000 	C:\Windows\system32\CRYPTBASE.dll
0x73290000 - 0x732a2000 	C:\Windows\system32\dhcpcsvc.DLL
0x73210000 - 0x7321d000 	C:\Windows\system32\dhcpcsvc6.DLL
0x71e70000 - 0x71e7a000 	C:\Program Files\Java\jdk1.7.0_67\jre\bin\management.dll
0x67f10000 - 0x68053000 	C:\Program Files\Java\jdk1.7.0_67\jre\bin\awt.dll
0x76180000 - 0x7620f000 	C:\Windows\system32\OLEAUT32.dll
0x76540000 - 0x7669c000 	C:\Windows\system32\ole32.dll
0x73c10000 - 0x73c23000 	C:\Windows\system32\DWMAPI.DLL
0x6c070000 - 0x6c0a9000 	C:\Program Files\Java\jdk1.7.0_67\jre\bin\fontmanager.dll
0x74010000 - 0x74050000 	C:\Windows\system32\uxtheme.dll
0x5cf50000 - 0x5d113000 	C:\Windows\system32\d3d9.dll
0x74730000 - 0x74739000 	C:\Windows\system32\VERSION.dll
0x65990000 - 0x65996000 	C:\Windows\system32\d3d8thk.dll
0x5c930000 - 0x5cd35000 	C:\Windows\system32\atiumdag.dll
0x5c400000 - 0x5c8a4000 	C:\Windows\system32\atiumdva.dll
0x70d10000 - 0x70d40000 	C:\Program Files\Java\jdk1.7.0_67\jre\bin\t2k.dll
0x70ed0000 - 0x70fbb000 	C:\Windows\system32\dbghelp.dll

VM Arguments:
jvm_args: -agentlib:jdwp=transport=dt_socket,suspend=y,address=localhost:53487 -Dfile.encoding=UTF-8 
java_command: com.demo.common.config.DemoConfig
Launcher Type: SUN_STANDARD

Environment Variables:
JAVA_HOME=C:\Program Files\Java\jdk1.7.0_67
PATH=C:\Windows\system32;C:\Windows;C:\Windows\System32\Wbem;C:\Windows\System32\WindowsPowerShell\v1.0\;C:\Program Files\Java\jdk1.7.0_67\bin;C:\Program Files\Java\jdk1.7.0_67\jre\bin;F:\eclipse-kepler\apache-maven-3.1.1\bin;D:\apache-tomcat-7.0.30\apache-tomcat-7.0.30\bin;D:\apache-tomcat-7.0.30\apache-tomcat-7.0.30\lib;
USERNAME=DONGYU
OS=Windows_NT
PROCESSOR_IDENTIFIER=x86 Family 17 Model 3 Stepping 1, AuthenticAMD



---------------  S Y S T E M  ---------------

OS: Windows 7 Build 7600 

CPU:total 2 (2 cores per cpu, 1 threads per core) family 17 model 3 stepping 1, cmov, cx8, fxsr, mmx, sse, sse2, sse3, mmxext, 3dnowpref, tsc, tscinvbit

Memory: 4k page, physical 1834104k(639516k free), swap 3668208k(774052k free)

vm_info: Java HotSpot(TM) Client VM (24.65-b04) for windows-x86 JRE (1.7.0_67-b01), built on Jul 25 2014 10:20:53 by "java_re" with unknown MS VC++:1600

time: Tue Dec 30 23:56:10 2014
elapsed time: 278 seconds

