
2015-01-12 10:55:50
[WARN]-[Thread: main]-[net.sf.ehcache.store.disk.DiskStorageFactory.<init>()]: The index for data file C:\Users\ADMINI~1\AppData\Local\Temp\shiro-active%0053ession%0043ache.data is out of date, probably due to an unclean shutdown. Deleting index file C:\Users\ADMINI~1\AppData\Local\Temp\shiro-active%0053ession%0043ache.index

2015-01-12 10:55:50
[WARN]-[Thread: main]-[net.sf.ehcache.store.disk.DiskStorageFactory.<init>()]: The index for data file C:\Users\ADMINI~1\AppData\Local\Temp\jdbc%0052ealm%002eauthorization%0043ache.data is out of date, probably due to an unclean shutdown. Deleting index file C:\Users\ADMINI~1\AppData\Local\Temp\jdbc%0052ealm%002eauthorization%0043ache.index

2015-01-12 11:52:00
[WARN]-[Thread: qtp5466031-22]-[com.demo.function.blog.BlogController.index()]: 输出测试！

2015-01-13 10:06:28
[WARN]-[Thread: qtp5466031-26]-[com.demo.function.blog.BlogController.index()]: 输出测试！

2015-01-13 15:28:52
[WARN]-[Thread: JFinal-Scanner]-[org.eclipse.jetty.util.component.AbstractLifeCycle.setFailed()]: FAILED jfinal: java.lang.IllegalArgumentException: The controllerKey already exists: /dr
java.lang.IllegalArgumentException: The controllerKey already exists: /dr
	at com.jfinal.config.Routes.add(Routes.java:66)
	at com.jfinal.config.Routes.add(Routes.java:93)
	at cn.dreampie.routebind.RouteBind.config(RouteBind.java:101)
	at com.jfinal.config.Routes.add(Routes.java:40)
	at com.demo.common.config.DemoConfig.configRoute(DemoConfig.java:68)
	at com.jfinal.core.Config.configJFinal(Config.java:47)
	at com.jfinal.core.JFinal.init(JFinal.java:67)
	at com.jfinal.core.JFinalFilter.init(JFinalFilter.java:49)
	at org.eclipse.jetty.servlet.FilterHolder.doStart(FilterHolder.java:119)
	at org.eclipse.jetty.util.component.AbstractLifeCycle.start(AbstractLifeCycle.java:64)
	at org.eclipse.jetty.servlet.ServletHandler.initialize(ServletHandler.java:724)
	at org.eclipse.jetty.servlet.ServletContextHandler.startContext(ServletContextHandler.java:265)
	at org.eclipse.jetty.webapp.WebAppContext.startContext(WebAppContext.java:1250)
	at org.eclipse.jetty.server.handler.ContextHandler.doStart(ContextHandler.java:706)
	at org.eclipse.jetty.webapp.WebAppContext.doStart(WebAppContext.java:492)
	at org.eclipse.jetty.util.component.AbstractLifeCycle.start(AbstractLifeCycle.java:64)
	at com.jfinal.server.JettyServer$1.onChange(JettyServer.java:106)
	at com.jfinal.server.Scanner.compare(Scanner.java:87)
	at com.jfinal.server.Scanner.working(Scanner.java:56)
	at com.jfinal.server.Scanner.access$000(Scanner.java:30)
	at com.jfinal.server.Scanner$1.run(Scanner.java:93)
	at java.util.TimerThread.mainLoop(Timer.java:555)
	at java.util.TimerThread.run(Timer.java:505)

2015-01-13 15:28:52
[WARN]-[Thread: JFinal-Scanner]-[org.eclipse.jetty.webapp.WebAppContext.doStart()]: Failed startup of context o.e.j.w.WebAppContext{/,file:/E:/eclipse-kepler/workspace/jfinal-fire/src/main/webapp/}
java.lang.IllegalArgumentException: The controllerKey already exists: /dr
	at com.jfinal.config.Routes.add(Routes.java:66)
	at com.jfinal.config.Routes.add(Routes.java:93)
	at cn.dreampie.routebind.RouteBind.config(RouteBind.java:101)
	at com.jfinal.config.Routes.add(Routes.java:40)
	at com.demo.common.config.DemoConfig.configRoute(DemoConfig.java:68)
	at com.jfinal.core.Config.configJFinal(Config.java:47)
	at com.jfinal.core.JFinal.init(JFinal.java:67)
	at com.jfinal.core.JFinalFilter.init(JFinalFilter.java:49)
	at org.eclipse.jetty.servlet.FilterHolder.doStart(FilterHolder.java:119)
	at org.eclipse.jetty.util.component.AbstractLifeCycle.start(AbstractLifeCycle.java:64)
	at org.eclipse.jetty.servlet.ServletHandler.initialize(ServletHandler.java:724)
	at org.eclipse.jetty.servlet.ServletContextHandler.startContext(ServletContextHandler.java:265)
	at org.eclipse.jetty.webapp.WebAppContext.startContext(WebAppContext.java:1250)
	at org.eclipse.jetty.server.handler.ContextHandler.doStart(ContextHandler.java:706)
	at org.eclipse.jetty.webapp.WebAppContext.doStart(WebAppContext.java:492)
	at org.eclipse.jetty.util.component.AbstractLifeCycle.start(AbstractLifeCycle.java:64)
	at com.jfinal.server.JettyServer$1.onChange(JettyServer.java:106)
	at com.jfinal.server.Scanner.compare(Scanner.java:87)
	at com.jfinal.server.Scanner.working(Scanner.java:56)
	at com.jfinal.server.Scanner.access$000(Scanner.java:30)
	at com.jfinal.server.Scanner$1.run(Scanner.java:93)
	at java.util.TimerThread.mainLoop(Timer.java:555)
	at java.util.TimerThread.run(Timer.java:505)

2015-01-13 15:31:24
[WARN]-[Thread: JFinal-Scanner]-[org.eclipse.jetty.util.component.AbstractLifeCycle.setFailed()]: FAILED jfinal: java.lang.IllegalArgumentException: The controllerKey already exists: /dr
java.lang.IllegalArgumentException: The controllerKey already exists: /dr
	at com.jfinal.config.Routes.add(Routes.java:66)
	at com.jfinal.config.Routes.add(Routes.java:93)
	at cn.dreampie.routebind.RouteBind.config(RouteBind.java:101)
	at com.jfinal.config.Routes.add(Routes.java:40)
	at com.demo.common.config.DemoConfig.configRoute(DemoConfig.java:68)
	at com.jfinal.core.Config.configJFinal(Config.java:47)
	at com.jfinal.core.JFinal.init(JFinal.java:67)
	at com.jfinal.core.JFinalFilter.init(JFinalFilter.java:49)
	at org.eclipse.jetty.servlet.FilterHolder.doStart(FilterHolder.java:119)
	at org.eclipse.jetty.util.component.AbstractLifeCycle.start(AbstractLifeCycle.java:64)
	at org.eclipse.jetty.servlet.ServletHandler.initialize(ServletHandler.java:724)
	at org.eclipse.jetty.servlet.ServletContextHandler.startContext(ServletContextHandler.java:265)
	at org.eclipse.jetty.webapp.WebAppContext.startContext(WebAppContext.java:1250)
	at org.eclipse.jetty.server.handler.ContextHandler.doStart(ContextHandler.java:706)
	at org.eclipse.jetty.webapp.WebAppContext.doStart(WebAppContext.java:492)
	at org.eclipse.jetty.util.component.AbstractLifeCycle.start(AbstractLifeCycle.java:64)
	at com.jfinal.server.JettyServer$1.onChange(JettyServer.java:106)
	at com.jfinal.server.Scanner.compare(Scanner.java:87)
	at com.jfinal.server.Scanner.working(Scanner.java:56)
	at com.jfinal.server.Scanner.access$000(Scanner.java:30)
	at com.jfinal.server.Scanner$1.run(Scanner.java:93)
	at java.util.TimerThread.mainLoop(Timer.java:555)
	at java.util.TimerThread.run(Timer.java:505)

2015-01-13 15:31:24
[WARN]-[Thread: JFinal-Scanner]-[org.eclipse.jetty.webapp.WebAppContext.doStart()]: Failed startup of context o.e.j.w.WebAppContext{/,file:/E:/eclipse-kepler/workspace/jfinal-fire/src/main/webapp/}
java.lang.IllegalArgumentException: The controllerKey already exists: /dr
	at com.jfinal.config.Routes.add(Routes.java:66)
	at com.jfinal.config.Routes.add(Routes.java:93)
	at cn.dreampie.routebind.RouteBind.config(RouteBind.java:101)
	at com.jfinal.config.Routes.add(Routes.java:40)
	at com.demo.common.config.DemoConfig.configRoute(DemoConfig.java:68)
	at com.jfinal.core.Config.configJFinal(Config.java:47)
	at com.jfinal.core.JFinal.init(JFinal.java:67)
	at com.jfinal.core.JFinalFilter.init(JFinalFilter.java:49)
	at org.eclipse.jetty.servlet.FilterHolder.doStart(FilterHolder.java:119)
	at org.eclipse.jetty.util.component.AbstractLifeCycle.start(AbstractLifeCycle.java:64)
	at org.eclipse.jetty.servlet.ServletHandler.initialize(ServletHandler.java:724)
	at org.eclipse.jetty.servlet.ServletContextHandler.startContext(ServletContextHandler.java:265)
	at org.eclipse.jetty.webapp.WebAppContext.startContext(WebAppContext.java:1250)
	at org.eclipse.jetty.server.handler.ContextHandler.doStart(ContextHandler.java:706)
	at org.eclipse.jetty.webapp.WebAppContext.doStart(WebAppContext.java:492)
	at org.eclipse.jetty.util.component.AbstractLifeCycle.start(AbstractLifeCycle.java:64)
	at com.jfinal.server.JettyServer$1.onChange(JettyServer.java:106)
	at com.jfinal.server.Scanner.compare(Scanner.java:87)
	at com.jfinal.server.Scanner.working(Scanner.java:56)
	at com.jfinal.server.Scanner.access$000(Scanner.java:30)
	at com.jfinal.server.Scanner$1.run(Scanner.java:93)
	at java.util.TimerThread.mainLoop(Timer.java:555)
	at java.util.TimerThread.run(Timer.java:505)

2015-01-14 14:21:25
[ERROR]-[Thread: main]-[freemarker.log._Log4JLoggerFactory$Log4JLogger.error()]: Error executing FreeMarker template
FreeMarker template error:
This directive doesn't allow parameters.

The failing instruction (FTL stack trace):
----------
==> @default.upper abc="1"  [in template "test.flt" at line 7, column 1]
----------

Java stack trace (for programmers):
----------
freemarker.template.TemplateModelException: [... Exception message was already printed; see it above ...]
	at com.demo.common.freemarker.UpperDirective.execute(UpperDirective.java:21)
	at freemarker.core.Environment.visit(Environment.java:341)
	at freemarker.core.UnifiedCall.accept(UnifiedCall.java:136)
	at freemarker.core.Environment.visit(Environment.java:265)
	at freemarker.core.MixedContent.accept(MixedContent.java:93)
	at freemarker.core.Environment.visit(Environment.java:265)
	at freemarker.core.Environment.process(Environment.java:243)
	at freemarker.template.Template.process(Template.java:277)
	at com.demo.common.kit.FreemarkerKit.init(FreemarkerKit.java:37)
	at com.demo.common.kit.FreemarkerKit.main(FreemarkerKit.java:51)

2015-01-14 15:00:15
[ERROR]-[Thread: main]-[freemarker.log._Log4JLoggerFactory$Log4JLogger.error()]: Error executing FreeMarker template
FreeMarker template error:
标签的参数不能为空！

The failing instruction (FTL stack trace):
----------
==> @default.upper  [in template "test.flt" at line 7, column 1]
----------

Java stack trace (for programmers):
----------
freemarker.template.TemplateModelException: [... Exception message was already printed; see it above ...]
	at com.demo.common.freemarker.UpperDirective.verifyParameters(UpperDirective.java:52)
	at com.demo.common.freemarker.UpperDirective.execute(UpperDirective.java:76)
	at freemarker.core.Environment.visit(Environment.java:341)
	at freemarker.core.UnifiedCall.accept(UnifiedCall.java:136)
	at freemarker.core.Environment.visit(Environment.java:265)
	at freemarker.core.MixedContent.accept(MixedContent.java:93)
	at freemarker.core.Environment.visit(Environment.java:265)
	at freemarker.core.Environment.process(Environment.java:243)
	at freemarker.template.Template.process(Template.java:277)
	at com.demo.common.kit.FreemarkerKit.init(FreemarkerKit.java:37)
	at com.demo.common.kit.FreemarkerKit.main(FreemarkerKit.java:51)

2015-01-14 15:38:01
[ERROR]-[Thread: main]-[freemarker.log._Log4JLoggerFactory$Log4JLogger.error()]: Error executing FreeMarker template
FreeMarker template error:
The following has evaluated to null or missing:
==> repeat  [in template "test.flt" at line 11, column 3]

Tip: If the failing expression is known to be legally null/missing, either specify a default value with myOptionalVar!myDefault, or use <#if myOptionalVar??>when-present<#else>when-missing</#if>. (These only cover the last step of the expression; to cover the whole expression, use parenthessis: (myOptionVar.foo)!myDefault, (myOptionVar.foo)??

The failing instruction (FTL stack trace):
----------
==> @repeat count="5" hr=true  [in template "test.flt" at line 11, column 1]
----------

Java stack trace (for programmers):
----------
freemarker.core.InvalidReferenceException: [... Exception message was already printed; see it above ...]
	at freemarker.core.InvalidReferenceException.getInstance(InvalidReferenceException.java:98)
	at freemarker.core.UnifiedCall.accept(UnifiedCall.java:144)
	at freemarker.core.Environment.visit(Environment.java:265)
	at freemarker.core.MixedContent.accept(MixedContent.java:93)
	at freemarker.core.Environment.visit(Environment.java:265)
	at freemarker.core.Environment.process(Environment.java:243)
	at freemarker.template.Template.process(Template.java:277)
	at com.demo.common.kit.FreemarkerKit.init(FreemarkerKit.java:36)
	at com.demo.common.kit.FreemarkerKit.main(FreemarkerKit.java:54)

2015-01-14 15:38:34
[ERROR]-[Thread: main]-[freemarker.log._Log4JLoggerFactory$Log4JLogger.error()]: Error executing FreeMarker template
FreeMarker template error:
The following has evaluated to null or missing:
==> repeat  [in template "test.flt" at line 11, column 3]

Tip: If the failing expression is known to be legally null/missing, either specify a default value with myOptionalVar!myDefault, or use <#if myOptionalVar??>when-present<#else>when-missing</#if>. (These only cover the last step of the expression; to cover the whole expression, use parenthessis: (myOptionVar.foo)!myDefault, (myOptionVar.foo)??

The failing instruction (FTL stack trace):
----------
==> @repeat count=5 hr=true  [in template "test.flt" at line 11, column 1]
----------

Java stack trace (for programmers):
----------
freemarker.core.InvalidReferenceException: [... Exception message was already printed; see it above ...]
	at freemarker.core.InvalidReferenceException.getInstance(InvalidReferenceException.java:98)
	at freemarker.core.UnifiedCall.accept(UnifiedCall.java:144)
	at freemarker.core.Environment.visit(Environment.java:265)
	at freemarker.core.MixedContent.accept(MixedContent.java:93)
	at freemarker.core.Environment.visit(Environment.java:265)
	at freemarker.core.Environment.process(Environment.java:243)
	at freemarker.template.Template.process(Template.java:277)
	at com.demo.common.kit.FreemarkerKit.init(FreemarkerKit.java:36)
	at com.demo.common.kit.FreemarkerKit.main(FreemarkerKit.java:54)

2015-01-14 15:39:49
[ERROR]-[Thread: main]-[freemarker.log._Log4JLoggerFactory$Log4JLogger.error()]: Error executing FreeMarker template
FreeMarker template error:
The following has evaluated to null or missing:
==> repeat  [in template "test.flt" at line 11, column 3]

Tip: If the failing expression is known to be legally null/missing, either specify a default value with myOptionalVar!myDefault, or use <#if myOptionalVar??>when-present<#else>when-missing</#if>. (These only cover the last step of the expression; to cover the whole expression, use parenthessis: (myOptionVar.foo)!myDefault, (myOptionVar.foo)??

The failing instruction (FTL stack trace):
----------
==> @repeat count=3 hr=true  [in template "test.flt" at line 11, column 1]
----------

Java stack trace (for programmers):
----------
freemarker.core.InvalidReferenceException: [... Exception message was already printed; see it above ...]
	at freemarker.core.InvalidReferenceException.getInstance(InvalidReferenceException.java:98)
	at freemarker.core.UnifiedCall.accept(UnifiedCall.java:144)
	at freemarker.core.Environment.visit(Environment.java:265)
	at freemarker.core.MixedContent.accept(MixedContent.java:93)
	at freemarker.core.Environment.visit(Environment.java:265)
	at freemarker.core.Environment.process(Environment.java:243)
	at freemarker.template.Template.process(Template.java:277)
	at com.demo.common.kit.FreemarkerKit.init(FreemarkerKit.java:36)
	at com.demo.common.kit.FreemarkerKit.main(FreemarkerKit.java:54)
